2025-07-18 09:10:50,326 - INFO - Sample files created in 'examples/' directory
2025-07-18 09:10:50,331 - INFO - Sample files created in 'examples/' directory
2025-07-18 09:14:03,146 - INFO - HTTP Request: GET https://api.gradio.app/pkg-version "HTTP/1.1 200 OK"
2025-07-18 09:14:45,815 - INFO - HTTP Request: GET http://127.0.0.1:7860/gradio_api/startup-events "HTTP/1.1 200 OK"
2025-07-18 09:14:45,842 - INFO - HTTP Request: HEAD http://127.0.0.1:7860/ "HTTP/1.1 200 OK"
2025-07-18 09:14:46,724 - INFO - HTTP Request: GET https://api.gradio.app/pkg-version "HTTP/1.1 200 OK"
2025-07-18 09:24:23,476 - INFO - HTTP Request: GET http://127.0.0.1:7860/gradio_api/startup-events "HTTP/1.1 200 OK"
2025-07-18 09:24:23,502 - INFO - HTTP Request: HEAD http://127.0.0.1:7860/ "HTTP/1.1 200 OK"
2025-07-18 09:24:24,704 - INFO - HTTP Request: GET https://api.gradio.app/pkg-version "HTTP/1.1 200 OK"
2025-07-18 09:34:46,992 - INFO - HTTP Request: GET http://127.0.0.1:7860/gradio_api/startup-events "HTTP/1.1 200 OK"
2025-07-18 09:34:47,019 - INFO - HTTP Request: HEAD http://127.0.0.1:7860/ "HTTP/1.1 200 OK"
2025-07-18 09:34:47,792 - INFO - HTTP Request: GET https://api.gradio.app/pkg-version "HTTP/1.1 200 OK"
2025-07-18 09:38:03,320 - INFO - HTTP Request: GET http://127.0.0.1:7860/gradio_api/startup-events "HTTP/1.1 200 OK"
2025-07-18 09:38:03,347 - INFO - HTTP Request: HEAD http://127.0.0.1:7860/ "HTTP/1.1 200 OK"
2025-07-18 09:38:04,465 - INFO - HTTP Request: GET https://api.gradio.app/pkg-version "HTTP/1.1 200 OK"
2025-07-18 09:41:17,121 - INFO - HTTP Request: GET http://127.0.0.1:7860/gradio_api/startup-events "HTTP/1.1 200 OK"
2025-07-18 09:41:17,150 - INFO - HTTP Request: HEAD http://127.0.0.1:7860/ "HTTP/1.1 200 OK"
2025-07-18 09:41:18,116 - INFO - HTTP Request: GET https://api.gradio.app/pkg-version "HTTP/1.1 200 OK"
2025-07-18 09:42:18,047 - INFO - Successfully authenticated as u/No-Risk3226
2025-07-18 09:55:09,237 - INFO - Successfully authenticated as u/No-Risk3226
2025-07-18 10:06:34,372 - ERROR - Reddit authentication failed: invalid_grant error processing request
2025-07-18 10:07:07,704 - INFO - HTTP Request: GET https://api.gradio.app/pkg-version "HTTP/1.1 200 OK"
2025-07-18 10:09:01,532 - INFO - HTTP Request: GET http://127.0.0.1:7860/gradio_api/startup-events "HTTP/1.1 200 OK"
2025-07-18 10:09:01,553 - INFO - HTTP Request: HEAD http://127.0.0.1:7860/ "HTTP/1.1 200 OK"
2025-07-18 10:09:04,218 - INFO - HTTP Request: GET https://api.gradio.app/pkg-version "HTTP/1.1 200 OK"
2025-07-18 10:09:22,453 - ERROR - Reddit authentication failed: invalid_grant error processing request
2025-07-18 10:12:02,533 - INFO - Successfully authenticated as u/No-Risk3226
2025-07-18 10:15:37,861 - INFO - HTTP Request: GET https://api.gradio.app/pkg-version "HTTP/1.1 200 OK"
2025-07-18 10:15:51,486 - INFO - HTTP Request: GET https://api.gradio.app/pkg-version "HTTP/1.1 200 OK"
2025-07-18 10:16:52,438 - INFO - HTTP Request: GET http://127.0.0.1:7860/gradio_api/startup-events "HTTP/1.1 200 OK"
2025-07-18 10:16:52,465 - INFO - HTTP Request: HEAD http://127.0.0.1:7860/ "HTTP/1.1 200 OK"
2025-07-18 10:16:54,012 - INFO - HTTP Request: GET https://api.gradio.app/pkg-version "HTTP/1.1 200 OK"
2025-07-18 10:17:10,758 - INFO - Successfully authenticated as u/No-Risk3226
2025-07-18 10:17:46,353 - INFO - Starting batch submission of 2 posts (dry_run=False)
2025-07-18 10:17:47,308 - ERROR - Failed to post to r/Aww: (RedditErrorItem(error_type='SUBMIT_VALIDATION_BODY_NOT_ALLOWED', message="This community doesn't allow body text.", field='body'), RedditErrorItem(error_type='NO_SELFS', message="This community doesn't allow text posts", field='sr'), RedditErrorItem(error_type='error', message="Can't set flair_text without a flair_id", field='flair'))
2025-07-18 10:17:47,308 - INFO - Waiting 88 seconds before next action...
2025-07-18 10:17:57,308 - INFO -   88 seconds remaining...
2025-07-18 10:18:07,309 - INFO -   78 seconds remaining...
2025-07-18 10:18:17,309 - INFO -   68 seconds remaining...
2025-07-18 10:18:27,310 - INFO -   58 seconds remaining...
2025-07-18 10:18:37,311 - INFO -   48 seconds remaining...
2025-07-18 10:18:47,312 - INFO -   38 seconds remaining...
2025-07-18 10:18:57,312 - INFO -   28 seconds remaining...
2025-07-18 10:19:07,313 - INFO -   18 seconds remaining...
2025-07-18 10:19:16,124 - ERROR - Failed to post to r/StartledCats: (RedditErrorItem(error_type='NO_SELFS', message="This community doesn't allow text posts", field='sr'), RedditErrorItem(error_type='error', message="Can't set flair_text without a flair_id", field='flair'))
2025-07-18 10:23:43,012 - INFO - HTTP Request: GET http://127.0.0.1:7860/gradio_api/startup-events "HTTP/1.1 200 OK"
2025-07-18 10:23:43,040 - INFO - HTTP Request: HEAD http://127.0.0.1:7860/ "HTTP/1.1 200 OK"
2025-07-18 10:23:44,456 - INFO - HTTP Request: GET https://api.gradio.app/pkg-version "HTTP/1.1 200 OK"
2025-07-18 10:24:09,302 - INFO - Successfully authenticated as u/No-Risk3226
2025-07-18 10:24:42,709 - ERROR - Error reading CSV file /tmp/gradio/e4b234a92a3ba685f7ffaa86240ac15c3cff614eef47375a0a1efb13d8c3ee53/sample_posts.csv: 'float' object has no attribute 'startswith'
2025-07-18 10:33:15,767 - ERROR - Error reading CSV file /tmp/gradio/e4b234a92a3ba685f7ffaa86240ac15c3cff614eef47375a0a1efb13d8c3ee53/sample_posts.csv: 'float' object has no attribute 'startswith'
2025-07-18 10:35:27,103 - INFO - HTTP Request: GET http://127.0.0.1:7860/gradio_api/startup-events "HTTP/1.1 200 OK"
2025-07-18 10:35:27,130 - INFO - HTTP Request: HEAD http://127.0.0.1:7860/ "HTTP/1.1 200 OK"
2025-07-18 10:35:27,875 - INFO - HTTP Request: GET https://api.gradio.app/pkg-version "HTTP/1.1 200 OK"
2025-07-18 10:35:46,497 - INFO - Successfully authenticated as u/No-Risk3226
2025-07-18 10:37:00,564 - INFO - Starting batch submission of 2 posts (dry_run=True)
2025-07-18 10:37:00,566 - INFO - [DRY RUN] Would post to r/Aww: Aww... Wait... LIAR!
2025-07-18 10:37:00,566 - INFO - Waiting 60 seconds before next action...
2025-07-18 10:37:10,566 - INFO -   60 seconds remaining...
2025-07-18 10:37:20,567 - INFO -   50 seconds remaining...
2025-07-18 10:37:30,568 - INFO -   40 seconds remaining...
2025-07-18 10:37:40,569 - INFO -   30 seconds remaining...
2025-07-18 10:37:50,570 - INFO -   20 seconds remaining...
2025-07-18 10:38:00,571 - INFO - [DRY RUN] Would post to r/StartledCats: She needs an oscar
2025-07-18 10:38:18,649 - INFO - Starting batch submission of 2 posts (dry_run=False)
2025-07-18 10:38:19,573 - ERROR - Failed to post to r/Aww: SUBMIT_VALIDATION_LINK_WHITELIST: 'The link must be from one of the approved domains: streamable.com, staticflickr.com, gfycat.com, flic.kr, youtube.com, pinimg.com, 500px.org, flickr.com, vimeo.com, youtu.be, imgur.com and twimg.com.' on field 'link'
2025-07-18 10:38:19,574 - INFO - Waiting 60 seconds before next action...
2025-07-18 10:38:29,574 - INFO -   60 seconds remaining...
2025-07-18 10:38:39,574 - INFO -   50 seconds remaining...
2025-07-18 10:38:49,575 - INFO -   40 seconds remaining...
2025-07-18 10:38:59,575 - INFO -   30 seconds remaining...
2025-07-18 10:39:09,576 - INFO -   20 seconds remaining...
2025-07-18 10:39:20,935 - INFO - Successfully posted to r/StartledCats: /r/StartledCats/comments/1m2tnm1/she_needs_an_oscar/
2025-07-18 10:45:57,555 - INFO - HTTP Request: GET http://127.0.0.1:7860/gradio_api/startup-events "HTTP/1.1 200 OK"
2025-07-18 10:45:57,572 - INFO - HTTP Request: HEAD http://127.0.0.1:7860/ "HTTP/1.1 200 OK"
2025-07-18 10:45:58,684 - INFO - HTTP Request: GET https://api.gradio.app/pkg-version "HTTP/1.1 200 OK"
2025-07-18 10:47:29,094 - INFO - Successfully authenticated as u/No-Risk3226
2025-07-18 10:48:08,120 - ERROR - Error fetching subreddit rules for r/Aww: 'Subreddit' object has no attribute 'content_options'
2025-07-18 10:49:31,931 - INFO - HTTP Request: GET http://127.0.0.1:7860/gradio_api/startup-events "HTTP/1.1 200 OK"
2025-07-18 10:49:31,947 - INFO - HTTP Request: HEAD http://127.0.0.1:7860/ "HTTP/1.1 200 OK"
2025-07-18 10:49:33,191 - INFO - HTTP Request: GET https://api.gradio.app/pkg-version "HTTP/1.1 200 OK"
2025-07-18 10:49:44,702 - INFO - Successfully authenticated as u/No-Risk3226
2025-07-18 10:50:01,936 - ERROR - Error fetching subreddit rules for r/Aww: 'Subreddit' object has no attribute 'content_options'
2025-07-18 10:58:14,109 - INFO - HTTP Request: GET http://127.0.0.1:7860/gradio_api/startup-events "HTTP/1.1 200 OK"
2025-07-18 10:58:14,126 - INFO - HTTP Request: HEAD http://127.0.0.1:7860/ "HTTP/1.1 200 OK"
2025-07-18 10:58:15,186 - INFO - HTTP Request: GET https://api.gradio.app/pkg-version "HTTP/1.1 200 OK"
2025-07-18 10:58:26,231 - INFO - Successfully authenticated as u/No-Risk3226
2025-07-18 11:02:20,116 - INFO - Starting batch submission of 2 posts (dry_run=False)
2025-07-18 11:02:20,902 - ERROR - Failed to post to r/Aww: SUBMIT_VALIDATION_LINK_WHITELIST: 'The link must be from one of the approved domains: streamable.com, 500px.org, staticflickr.com, flickr.com, pinimg.com, twimg.com, youtube.com, imgur.com, flic.kr, youtu.be, gfycat.com and vimeo.com.' on field 'link'
2025-07-18 11:02:20,903 - INFO - Waiting 60 seconds before next action...
2025-07-18 11:02:30,903 - INFO -   60 seconds remaining...
2025-07-18 11:02:40,903 - INFO -   50 seconds remaining...
2025-07-18 11:02:50,904 - INFO -   40 seconds remaining...
2025-07-18 11:03:00,904 - INFO -   30 seconds remaining...
2025-07-18 11:03:10,904 - INFO -   20 seconds remaining...
2025-07-18 11:03:22,104 - INFO - Successfully posted to r/StartledCats: /r/StartledCats/comments/1m2u2e4/she_is_scared/
2025-07-18 11:19:57,458 - INFO - HTTP Request: GET http://127.0.0.1:7860/gradio_api/startup-events "HTTP/1.1 200 OK"
2025-07-18 11:19:57,477 - INFO - HTTP Request: HEAD http://127.0.0.1:7860/ "HTTP/1.1 200 OK"
2025-07-18 11:19:59,703 - INFO - HTTP Request: GET https://api.gradio.app/pkg-version "HTTP/1.1 200 OK"
2025-07-18 11:20:13,281 - INFO - Successfully authenticated as u/No-Risk3226
2025-07-18 11:21:02,031 - INFO - Starting batch submission of 2 posts (dry_run=True)
2025-07-18 11:21:02,032 - INFO - [DRY RUN] Would post to r/BlackedMILFs : That Ass Is Impeccable
2025-07-18 11:21:02,032 - INFO - Waiting 60 seconds before next action...
2025-07-18 11:21:12,032 - INFO -   60 seconds remaining...
2025-07-18 11:21:22,032 - INFO -   50 seconds remaining...
2025-07-18 11:21:32,033 - INFO -   40 seconds remaining...
2025-07-18 11:21:42,033 - INFO -   30 seconds remaining...
2025-07-18 11:21:52,034 - INFO -   20 seconds remaining...
2025-07-18 11:22:02,034 - INFO - [DRY RUN] Would post to r/blackchickswhitedicks: she has fine ass
2025-07-18 11:22:16,957 - INFO - Starting batch submission of 2 posts (dry_run=False)
2025-07-18 11:22:17,328 - INFO - Waiting 60 seconds before next action...
2025-07-18 11:22:27,329 - INFO -   60 seconds remaining...
2025-07-18 11:22:37,329 - INFO -   50 seconds remaining...
2025-07-18 11:22:47,329 - INFO -   40 seconds remaining...
2025-07-18 11:22:57,330 - INFO -   30 seconds remaining...
2025-07-18 11:23:07,330 - INFO -   20 seconds remaining...
2025-07-18 11:23:18,618 - INFO - Successfully posted to r/blackchickswhitedicks: /r/blackchickswhitedicks/comments/1m2ued3/she_has_fine_ass/
2025-07-18 11:31:28,651 - WARNING - Retrying due to ConnectionError(ProtocolError('Connection aborted.', RemoteDisconnected('Remote end closed connection without response'))) status: GET https://oauth.reddit.com/r/BlackedMILFs/about/
2025-07-18 11:34:09,230 - INFO - HTTP Request: GET https://api.gradio.app/pkg-version "HTTP/1.1 200 OK"
2025-07-18 11:35:29,430 - INFO - HTTP Request: GET http://127.0.0.1:7860/gradio_api/startup-events "HTTP/1.1 200 OK"
2025-07-18 11:35:29,448 - INFO - HTTP Request: HEAD http://127.0.0.1:7860/ "HTTP/1.1 200 OK"
2025-07-18 11:35:30,674 - INFO - HTTP Request: GET https://api.gradio.app/pkg-version "HTTP/1.1 200 OK"
2025-07-18 11:35:46,222 - INFO - Successfully authenticated as u/No-Risk3226
2025-07-18 11:36:07,314 - ERROR - Error reading CSV file /tmp/gradio/ff0f25ba8d0edac2f5703038ea943dc29600cbdab8d19acfc7a3c35b11a03acb/sample_posts.csv: 'float' object has no attribute 'startswith'
2025-07-18 11:38:38,666 - INFO - HTTP Request: GET http://127.0.0.1:7861/gradio_api/startup-events "HTTP/1.1 200 OK"
2025-07-18 11:38:38,682 - INFO - HTTP Request: HEAD http://127.0.0.1:7861/ "HTTP/1.1 200 OK"
2025-07-18 11:38:41,154 - INFO - HTTP Request: GET https://api.gradio.app/pkg-version "HTTP/1.1 200 OK"
2025-07-18 11:38:49,853 - INFO - Successfully authenticated as u/No-Risk3226
2025-07-18 11:40:15,555 - INFO - Starting batch submission of 1 posts (dry_run=False)
2025-07-18 11:40:15,555 - INFO - Processing post 1/1: r/BlackedMILFs  - That Ass Is Impeccable...
2025-07-18 11:40:15,555 - INFO - 🚀 Attempting to post: r/BlackedMILFs  - That Ass Is Impeccable...
2025-07-18 11:40:15,555 - INFO - 🔍 Checking subreddit access for r/BlackedMILFs ...
2025-07-18 11:40:15,935 - WARNING - ⚠️ Subreddit access failed: Subreddit not accessible: received 404 HTTP response
2025-07-18 11:40:15,935 - ERROR - ❌ Post 1 FAILED: Subreddit check failed: Subreddit not accessible: received 404 HTTP response
2025-07-18 11:40:15,935 - INFO - 🎉 All 1 posts processed!
2025-07-18 11:40:15,935 - INFO - 📊 BATCH SUMMARY: 0/1 posts successful
2025-07-18 11:43:17,004 - INFO - HTTP Request: GET http://127.0.0.1:7861/gradio_api/startup-events "HTTP/1.1 200 OK"
2025-07-18 11:43:17,023 - INFO - HTTP Request: HEAD http://127.0.0.1:7861/ "HTTP/1.1 200 OK"
2025-07-18 11:43:17,956 - INFO - HTTP Request: GET https://api.gradio.app/pkg-version "HTTP/1.1 200 OK"
2025-07-18 11:43:28,079 - INFO - Successfully authenticated as u/No-Risk3226
2025-07-18 11:43:41,103 - INFO - Starting batch submission of 1 posts (dry_run=False)
2025-07-18 11:43:41,103 - INFO - Processing post 1/1: r/BlackedMILFs - That Ass Is Impeccable...
2025-07-18 11:43:41,103 - INFO - 🚀 Attempting to post: r/BlackedMILFs - That Ass Is Impeccable...
2025-07-18 11:43:41,103 - INFO - 🔍 Checking subreddit access for r/BlackedMILFs...
2025-07-18 11:43:42,368 - INFO - Successfully posted to r/BlackedMILFs: /r/BlackedMILFs/comments/1m2uqj9/that_ass_is_impeccable/
2025-07-18 11:43:42,368 - INFO - ✅ Post 1 SUCCESS: https://reddit.com/r/BlackedMILFs/comments/1m2uqj9/that_ass_is_impeccable/
2025-07-18 11:43:42,368 - INFO - 🎉 All 1 posts processed!
2025-07-18 11:43:42,368 - INFO - 📊 BATCH SUMMARY: 1/1 posts successful
2025-07-18 11:49:37,986 - INFO - Starting batch submission of 2 posts (dry_run=False)
2025-07-18 11:49:37,987 - INFO - Processing post 1/2: r/aww - This cat is skilled...
2025-07-18 11:49:37,987 - INFO - 🚀 Attempting to post: r/aww - This cat is skilled...
2025-07-18 11:49:37,988 - INFO - 🔍 Checking subreddit access for r/aww...
2025-07-18 11:49:37,995 - WARNING - Retrying due to ConnectionError(ProtocolError('Connection aborted.', RemoteDisconnected('Remote end closed connection without response'))) status: GET https://oauth.reddit.com/r/aww/about/
2025-07-18 11:49:40,308 - INFO - Successfully posted to r/aww: /r/aww/comments/1m2uu1t/this_cat_is_skilled/
2025-07-18 11:49:40,308 - INFO - ✅ Post 1 SUCCESS: https://reddit.com/r/aww/comments/1m2uu1t/this_cat_is_skilled/
2025-07-18 11:49:40,308 - INFO - ⏱️ Post 1 completed. Waiting 30 seconds before post 2...
2025-07-18 11:49:40,308 - INFO - Waiting 60 seconds before next action...
2025-07-18 11:49:50,308 - INFO -   60 seconds remaining...
2025-07-18 11:50:00,309 - INFO -   50 seconds remaining...
2025-07-18 11:50:10,309 - INFO -   40 seconds remaining...
2025-07-18 11:50:20,310 - INFO -   30 seconds remaining...
2025-07-18 11:50:30,310 - INFO -   20 seconds remaining...
2025-07-18 11:50:40,311 - INFO - Processing post 2/2: r/cats - She is quick learner...
2025-07-18 11:50:40,311 - INFO - 🚀 Attempting to post: r/cats - She is quick learner...
2025-07-18 11:50:40,311 - INFO - 🔍 Checking subreddit access for r/cats...
2025-07-18 11:50:41,125 - ERROR - Failed to post to r/cats: SUBMIT_VALIDATION_FLAIR_REQUIRED: 'Your post must contain post flair.' on field 'flair'
2025-07-18 11:50:41,126 - ERROR - ❌ Post 2 FAILED: SUBMIT_VALIDATION_FLAIR_REQUIRED: 'Your post must contain post flair.' on field 'flair'
2025-07-18 11:50:41,126 - INFO - 🎉 All 2 posts processed!
2025-07-18 11:50:41,126 - INFO - 📊 BATCH SUMMARY: 1/2 posts successful
2025-07-18 11:56:13,880 - INFO - HTTP Request: GET http://127.0.0.1:7861/gradio_api/startup-events "HTTP/1.1 200 OK"
2025-07-18 11:56:13,897 - INFO - HTTP Request: HEAD http://127.0.0.1:7861/ "HTTP/1.1 200 OK"
2025-07-18 11:56:14,785 - INFO - HTTP Request: GET https://api.gradio.app/pkg-version "HTTP/1.1 200 OK"
2025-07-18 11:56:26,118 - INFO - Successfully authenticated as u/No-Risk3226
2025-07-18 11:56:42,286 - WARNING - Could not fetch flairs for r/cats: 'flair_text'
2025-07-18 11:58:30,573 - INFO - HTTP Request: GET http://127.0.0.1:7861/gradio_api/startup-events "HTTP/1.1 200 OK"
2025-07-18 11:58:30,590 - INFO - HTTP Request: HEAD http://127.0.0.1:7861/ "HTTP/1.1 200 OK"
2025-07-18 11:58:31,438 - INFO - HTTP Request: GET https://api.gradio.app/pkg-version "HTTP/1.1 200 OK"
2025-07-18 11:58:39,228 - INFO - Successfully authenticated as u/No-Risk3226
2025-07-18 12:04:48,344 - INFO - HTTP Request: GET http://127.0.0.1:7861/gradio_api/startup-events "HTTP/1.1 200 OK"
2025-07-18 12:04:48,360 - INFO - HTTP Request: HEAD http://127.0.0.1:7861/ "HTTP/1.1 200 OK"
2025-07-18 12:04:49,188 - INFO - HTTP Request: GET https://api.gradio.app/pkg-version "HTTP/1.1 200 OK"
2025-07-18 12:04:58,900 - INFO - Successfully authenticated as u/No-Risk3226
2025-07-18 12:07:48,881 - INFO - Starting batch submission of 2 posts (dry_run=True)
2025-07-18 12:07:48,882 - INFO - Processing post 1/2: r/aww - haha ha ...
2025-07-18 12:07:48,882 - INFO - 🚀 Attempting to post: r/aww - haha ha ...
2025-07-18 12:07:48,882 - INFO - [DRY RUN] Would post to r/aww: haha ha 
2025-07-18 12:07:48,883 - INFO - ✅ Post 1 SUCCESS: https://reddit.com/r/aww/posts/dry_run_simulation
2025-07-18 12:07:48,883 - INFO - ⏱️ Post 1 completed. Waiting 30 seconds before post 2...
2025-07-18 12:07:48,883 - INFO - Using specified delay: 60 seconds
2025-07-18 12:07:48,883 - INFO - Waiting 60 seconds before next action...
2025-07-18 12:07:58,883 - INFO -   60 seconds remaining...
2025-07-18 12:08:08,883 - INFO -   50 seconds remaining...
2025-07-18 12:08:18,884 - INFO -   40 seconds remaining...
2025-07-18 12:08:28,884 - INFO -   30 seconds remaining...
2025-07-18 12:08:38,884 - INFO -   20 seconds remaining...
2025-07-18 12:08:48,885 - INFO - Processing post 2/2: r/cats - she is scared ...
2025-07-18 12:08:48,885 - INFO - 🚀 Attempting to post: r/cats - she is scared ...
2025-07-18 12:08:48,885 - INFO - [DRY RUN] Would post to r/cats: she is scared 
2025-07-18 12:08:48,886 - INFO - ✅ Post 2 SUCCESS: https://reddit.com/r/cats/posts/dry_run_simulation
2025-07-18 12:08:48,886 - INFO - 🎉 All 2 posts processed!
2025-07-18 12:08:48,886 - INFO - 📊 BATCH SUMMARY: 2/2 posts successful
2025-07-18 12:09:00,187 - INFO - Starting batch submission of 2 posts (dry_run=False)
2025-07-18 12:09:00,187 - INFO - Processing post 1/2: r/aww - haha ha ...
2025-07-18 12:09:00,188 - INFO - 🚀 Attempting to post: r/aww - haha ha ...
2025-07-18 12:09:00,188 - INFO - 🔍 Checking subreddit access for r/aww...
2025-07-18 12:09:01,463 - INFO - Successfully posted to r/aww: /r/aww/comments/1m2v4x2/haha_ha/
2025-07-18 12:09:01,464 - INFO - ✅ Post 1 SUCCESS: https://reddit.com/r/aww/comments/1m2v4x2/haha_ha/
2025-07-18 12:09:01,464 - INFO - ⏱️ Post 1 completed. Waiting 30 seconds before post 2...
2025-07-18 12:09:01,464 - INFO - Using specified delay: 60 seconds
2025-07-18 12:09:01,464 - INFO - Waiting 60 seconds before next action...
2025-07-18 12:09:11,464 - INFO -   60 seconds remaining...
2025-07-18 12:09:21,465 - INFO -   50 seconds remaining...
2025-07-18 12:09:31,465 - INFO -   40 seconds remaining...
2025-07-18 12:09:41,466 - INFO -   30 seconds remaining...
2025-07-18 12:09:51,466 - INFO -   20 seconds remaining...
2025-07-18 12:10:01,467 - INFO - Processing post 2/2: r/cats - she is scared ...
2025-07-18 12:10:01,468 - INFO - 🚀 Attempting to post: r/cats - she is scared ...
2025-07-18 12:10:01,468 - INFO - 🔍 Checking subreddit access for r/cats...
2025-07-18 12:10:02,267 - ERROR - Failed to post to r/cats: (RedditErrorItem(error_type='SUBMIT_VALIDATION_FLAIR_REQUIRED', message='Your post must contain post flair.', field='flair'), RedditErrorItem(error_type='error', message="Can't set flair_text without a flair_id", field='flair'))
2025-07-18 12:10:02,267 - ERROR - ❌ Post 2 FAILED: (RedditErrorItem(error_type='SUBMIT_VALIDATION_FLAIR_REQUIRED', message='Your post must contain post flair.', field='flair'), RedditErrorItem(error_type='error', message="Can't set flair_text without a flair_id", field='flair'))
2025-07-18 12:10:02,267 - INFO - 🎉 All 2 posts processed!
2025-07-18 12:10:02,267 - INFO - 📊 BATCH SUMMARY: 1/2 posts successful
2025-07-18 12:16:56,763 - INFO - HTTP Request: GET http://127.0.0.1:7862/gradio_api/startup-events "HTTP/1.1 200 OK"
2025-07-18 12:16:56,784 - INFO - HTTP Request: HEAD http://127.0.0.1:7862/ "HTTP/1.1 200 OK"
2025-07-18 12:16:57,520 - INFO - HTTP Request: GET https://api.gradio.app/pkg-version "HTTP/1.1 200 OK"
2025-07-18 12:17:10,242 - INFO - Successfully authenticated as u/No-Risk3226
2025-07-18 12:17:28,216 - INFO - Starting batch submission of 1 posts (dry_run=False)
2025-07-18 12:17:28,216 - INFO - Processing post 1/1: r/BlackedMILFs - Cum in pussy...
2025-07-18 12:17:28,217 - INFO - 🚀 Attempting to post: r/BlackedMILFs - Cum in pussy...
2025-07-18 12:17:28,217 - INFO - 🔍 Checking subreddit access for r/BlackedMILFs...
2025-07-18 12:17:29,848 - INFO - Successfully posted to r/BlackedMILFs: /r/BlackedMILFs/comments/1m2v9xk/cum_in_pussy/
2025-07-18 12:17:29,849 - INFO - ✅ Post 1 SUCCESS: https://reddit.com/r/BlackedMILFs/comments/1m2v9xk/cum_in_pussy/
2025-07-18 12:17:29,849 - INFO - 🎉 All 1 posts processed!
2025-07-18 12:17:29,849 - INFO - 📊 BATCH SUMMARY: 1/1 posts successful
